<?xml version="1.0" encoding="UTF-8"?>
<!-- Generated by org.testng.reporters.JUnitReportReporter -->
<testsuite hostname="LAPTOP-RG2DJRNT" failures="0" tests="3" name="com.tests.RegistrationTest" time="90.091" errors="0" timestamp="2025-03-27T12:28:00 IST" skipped="0">
  <testcase classname="com.tests.RegistrationTest" name="registration" time="30.018"/>
  <testcase classname="com.tests.RegistrationTest" name="registration" time="30.117"/>
  <testcase classname="com.tests.RegistrationTest" name="registration" time="29.956"/>
</testsuite> <!-- com.tests.RegistrationTest -->
