<?xml version="1.0" encoding="UTF-8"?>
<!-- Generated by org.testng.reporters.JUnitReportReporter -->
<testsuite hostname="LAPTOP-RG2DJRNT" failures="0" tests="1" name="com.tests.HomeTest" time="19.381" errors="0" timestamp="2025-03-27T12:28:00 IST" skipped="0">
  <testcase classname="com.tests.HomeTest" name="VerifyHomePage" time="19.381"/>
</testsuite> <!-- com.tests.HomeTest -->
